<?xml version="1.0" encoding="UTF-8"?>
<coverage generated="1763759673238" clover="3.2.0">
  <project timestamp="1763759673239" name="All files">
    <metrics statements="23" coveredstatements="21" conditionals="11" coveredconditionals="7" methods="9" coveredmethods="8" elements="43" coveredelements="36" complexity="0" loc="23" ncloc="23" packages="3" files="5" classes="5"/>
    <package name="src">
      <metrics statements="7" coveredstatements="7" conditionals="4" coveredconditionals="2" methods="2" coveredmethods="2"/>
      <file name="FirstStepsApp.tsx" path="/home/dan192596/Cursos/React/React-De-cero-a-experto-Hooks-y-MERN-/02-first-steps/first-steps/src/FirstStepsApp.tsx">
        <metrics statements="1" coveredstatements="1" conditionals="0" coveredconditionals="0" methods="1" coveredmethods="1"/>
        <line num="8" count="1" type="stmt"/>
      </file>
      <file name="MyAwesomeApp.tsx" path="/home/dan192596/Cursos/React/React-De-cero-a-experto-Hooks-y-MERN-/02-first-steps/first-steps/src/MyAwesomeApp.tsx">
        <metrics statements="6" coveredstatements="6" conditionals="4" coveredconditionals="2" methods="1" coveredmethods="1"/>
        <line num="3" count="1" type="stmt"/>
        <line num="4" count="1" type="stmt"/>
        <line num="6" count="1" type="stmt"/>
        <line num="7" count="1" type="stmt"/>
        <line num="9" count="1" type="stmt"/>
        <line num="11" count="1" type="stmt"/>
      </file>
    </package>
    <package name="src.helpers">
      <metrics statements="9" coveredstatements="7" conditionals="2" coveredconditionals="0" methods="4" coveredmethods="3"/>
      <file name="math.helper.ts" path="/home/dan192596/Cursos/React/React-De-cero-a-experto-Hooks-y-MERN-/02-first-steps/first-steps/src/helpers/math.helper.ts">
        <metrics statements="9" coveredstatements="7" conditionals="2" coveredconditionals="0" methods="4" coveredmethods="3"/>
        <line num="1" count="1" type="stmt"/>
        <line num="2" count="2" type="stmt"/>
        <line num="5" count="1" type="stmt"/>
        <line num="6" count="2" type="stmt"/>
        <line num="9" count="1" type="stmt"/>
        <line num="10" count="2" type="stmt"/>
        <line num="13" count="1" type="stmt"/>
        <line num="14" count="0" type="cond" truecount="0" falsecount="2"/>
        <line num="15" count="0" type="stmt"/>
      </file>
    </package>
    <package name="src.shopping-cart">
      <metrics statements="7" coveredstatements="7" conditionals="5" coveredconditionals="5" methods="3" coveredmethods="3"/>
      <file name="ItemCounter.module.css" path="/home/dan192596/Cursos/React/React-De-cero-a-experto-Hooks-y-MERN-/02-first-steps/first-steps/src/shopping-cart/ItemCounter.module.css">
        <metrics statements="0" coveredstatements="0" conditionals="0" coveredconditionals="0" methods="0" coveredmethods="0"/>
      </file>
      <file name="ItemCounter.tsx" path="/home/dan192596/Cursos/React/React-De-cero-a-experto-Hooks-y-MERN-/02-first-steps/first-steps/src/shopping-cart/ItemCounter.tsx">
        <metrics statements="7" coveredstatements="7" conditionals="5" coveredconditionals="5" methods="3" coveredmethods="3"/>
        <line num="11" count="1" type="cond" truecount="1" falsecount="0"/>
        <line num="13" count="8" type="stmt"/>
        <line num="15" count="8" type="stmt"/>
        <line num="16" count="2" type="stmt"/>
        <line num="19" count="8" type="stmt"/>
        <line num="20" count="2" type="cond" truecount="2" falsecount="0"/>
        <line num="21" count="1" type="stmt"/>
      </file>
    </package>
  </project>
</coverage>
