{"/home/dan192596/Cursos/React/React-De-cero-a-experto-Hooks-y-MERN-/02-first-steps/first-steps/src/FirstStepsApp.tsx": {"path":"/home/dan192596/Cursos/React/React-De-cero-a-experto-Hooks-y-MERN-/02-first-steps/first-steps/src/FirstStepsApp.tsx","statementMap":{"0":{"start":{"line":8,"column":34},"end":{"line":12,"column":null}}},"fnMap":{"0":{"name":"FirstStepsApp","decl":{"start":{"line":14,"column":16},"end":{"line":14,"column":null}},"loc":{"start":{"line":14,"column":16},"end":{"line":32,"column":null}},"line":14}},"branchMap":{},"s":{"0":1},"f":{"0":3},"b":{},"meta":{"lastBranch":0,"lastFunction":1,"lastStatement":1,"seen":{"s:8:34:12:Infinity":0,"f:14:16:14:Infinity":0}}}
,"/home/dan192596/Cursos/React/React-De-cero-a-experto-Hooks-y-MERN-/02-first-steps/first-steps/src/MyAwesomeApp.tsx": {"path":"/home/dan192596/Cursos/React/React-De-cero-a-experto-Hooks-y-MERN-/02-first-steps/first-steps/src/MyAwesomeApp.tsx","statementMap":{"0":{"start":{"line":3,"column":18},"end":{"line":3,"column":null}},"1":{"start":{"line":4,"column":17},"end":{"line":4,"column":null}},"2":{"start":{"line":6,"column":22},"end":{"line":6,"column":null}},"3":{"start":{"line":7,"column":17},"end":{"line":7,"column":null}},"4":{"start":{"line":9,"column":16},"end":{"line":9,"column":null}},"5":{"start":{"line":11,"column":31},"end":{"line":17,"column":null}}},"fnMap":{"0":{"name":"MyAwesomeApp","decl":{"start":{"line":19,"column":16},"end":{"line":19,"column":null}},"loc":{"start":{"line":19,"column":16},"end":{"line":35,"column":null}},"line":19}},"branchMap":{"0":{"loc":{"start":{"line":13,"column":18},"end":{"line":13,"column":null}},"type":"cond-expr","locations":[{"start":{"line":13,"column":27},"end":{"line":13,"column":30}},{"start":{"line":13,"column":30},"end":{"line":13,"column":null}}],"line":13},"1":{"loc":{"start":{"line":28,"column":37},"end":{"line":28,"column":null}},"type":"cond-expr","locations":[{"start":{"line":28,"column":46},"end":{"line":28,"column":55}},{"start":{"line":28,"column":55},"end":{"line":28,"column":null}}],"line":28}},"s":{"0":1,"1":1,"2":1,"3":1,"4":1,"5":1},"f":{"0":3},"b":{"0":[1,0],"1":[3,0]},"meta":{"lastBranch":2,"lastFunction":1,"lastStatement":6,"seen":{"s:3:18:3:Infinity":0,"s:4:17:4:Infinity":1,"s:6:22:6:Infinity":2,"s:7:17:7:Infinity":3,"s:9:16:9:Infinity":4,"s:11:31:17:Infinity":5,"b:13:27:13:30:13:30:13:Infinity":0,"f:19:16:19:Infinity":0,"b:28:46:28:55:28:55:28:Infinity":1}}}
,"/home/dan192596/Cursos/React/React-De-cero-a-experto-Hooks-y-MERN-/02-first-steps/first-steps/src/helpers/math.helper.ts": {"path":"/home/dan192596/Cursos/React/React-De-cero-a-experto-Hooks-y-MERN-/02-first-steps/first-steps/src/helpers/math.helper.ts","statementMap":{"0":{"start":{"line":1,"column":19},"end":{"line":3,"column":null}},"1":{"start":{"line":2,"column":4},"end":{"line":2,"column":null}},"2":{"start":{"line":5,"column":24},"end":{"line":7,"column":null}},"3":{"start":{"line":6,"column":4},"end":{"line":6,"column":null}},"4":{"start":{"line":9,"column":24},"end":{"line":11,"column":null}},"5":{"start":{"line":10,"column":4},"end":{"line":10,"column":null}},"6":{"start":{"line":13,"column":22},"end":{"line":16,"column":null}},"7":{"start":{"line":14,"column":4},"end":{"line":14,"column":null}},"8":{"start":{"line":14,"column":17},"end":{"line":14,"column":null}},"9":{"start":{"line":15,"column":4},"end":{"line":15,"column":null}}},"fnMap":{"0":{"name":"(anonymous_0)","decl":{"start":{"line":1,"column":19},"end":{"line":1,"column":20}},"loc":{"start":{"line":1,"column":31},"end":{"line":3,"column":null}},"line":1},"1":{"name":"(anonymous_1)","decl":{"start":{"line":5,"column":24},"end":{"line":5,"column":25}},"loc":{"start":{"line":5,"column":36},"end":{"line":7,"column":null}},"line":5},"2":{"name":"(anonymous_2)","decl":{"start":{"line":9,"column":24},"end":{"line":9,"column":25}},"loc":{"start":{"line":9,"column":36},"end":{"line":11,"column":null}},"line":9},"3":{"name":"(anonymous_3)","decl":{"start":{"line":13,"column":22},"end":{"line":13,"column":23}},"loc":{"start":{"line":13,"column":34},"end":{"line":16,"column":null}},"line":13}},"branchMap":{"0":{"loc":{"start":{"line":14,"column":4},"end":{"line":14,"column":null}},"type":"if","locations":[{"start":{"line":14,"column":4},"end":{"line":14,"column":null}},{"start":{},"end":{}}],"line":14}},"s":{"0":1,"1":2,"2":1,"3":2,"4":1,"5":2,"6":1,"7":0,"8":0,"9":0},"f":{"0":2,"1":2,"2":2,"3":0},"b":{"0":[0,0]},"meta":{"lastBranch":1,"lastFunction":4,"lastStatement":10,"seen":{"s:1:19:3:Infinity":0,"f:1:19:1:20":0,"s:2:4:2:Infinity":1,"s:5:24:7:Infinity":2,"f:5:24:5:25":1,"s:6:4:6:Infinity":3,"s:9:24:11:Infinity":4,"f:9:24:9:25":2,"s:10:4:10:Infinity":5,"s:13:22:16:Infinity":6,"f:13:22:13:23":3,"b:14:4:14:Infinity:undefined:undefined:undefined:undefined":0,"s:14:4:14:Infinity":7,"s:14:17:14:Infinity":8,"s:15:4:15:Infinity":9}}}
,"/home/dan192596/Cursos/React/React-De-cero-a-experto-Hooks-y-MERN-/02-first-steps/first-steps/src/shopping-cart/ItemCounter.module.css": {"path":"/home/dan192596/Cursos/React/React-De-cero-a-experto-Hooks-y-MERN-/02-first-steps/first-steps/src/shopping-cart/ItemCounter.module.css","statementMap":{},"fnMap":{},"branchMap":{},"s":{},"f":{},"b":{},"meta":{"lastBranch":0,"lastFunction":0,"lastStatement":0,"seen":{}}}
,"/home/dan192596/Cursos/React/React-De-cero-a-experto-Hooks-y-MERN-/02-first-steps/first-steps/src/shopping-cart/ItemCounter.tsx": {"path":"/home/dan192596/Cursos/React/React-De-cero-a-experto-Hooks-y-MERN-/02-first-steps/first-steps/src/shopping-cart/ItemCounter.tsx","statementMap":{"0":{"start":{"line":11,"column":27},"end":{"line":44,"column":null}},"1":{"start":{"line":13,"column":27},"end":{"line":13,"column":null}},"2":{"start":{"line":15,"column":22},"end":{"line":17,"column":null}},"3":{"start":{"line":16,"column":8},"end":{"line":16,"column":null}},"4":{"start":{"line":19,"column":28},"end":{"line":22,"column":null}},"5":{"start":{"line":20,"column":8},"end":{"line":20,"column":null}},"6":{"start":{"line":20,"column":24},"end":{"line":20,"column":null}},"7":{"start":{"line":21,"column":8},"end":{"line":21,"column":null}}},"fnMap":{"0":{"name":"(anonymous_0)","decl":{"start":{"line":11,"column":27},"end":{"line":11,"column":28}},"loc":{"start":{"line":11,"column":53},"end":{"line":44,"column":null}},"line":11},"1":{"name":"(anonymous_1)","decl":{"start":{"line":15,"column":22},"end":{"line":15,"column":null}},"loc":{"start":{"line":15,"column":22},"end":{"line":17,"column":null}},"line":15},"2":{"name":"(anonymous_2)","decl":{"start":{"line":19,"column":28},"end":{"line":19,"column":null}},"loc":{"start":{"line":19,"column":28},"end":{"line":22,"column":null}},"line":19}},"branchMap":{"0":{"loc":{"start":{"line":11,"column":35},"end":{"line":11,"column":45}},"type":"default-arg","locations":[{"start":{"line":11,"column":44},"end":{"line":11,"column":45}}],"line":11},"1":{"loc":{"start":{"line":20,"column":8},"end":{"line":20,"column":null}},"type":"if","locations":[{"start":{"line":20,"column":8},"end":{"line":20,"column":null}},{"start":{},"end":{}}],"line":20},"2":{"loc":{"start":{"line":29,"column":15},"end":{"line":29,"column":null}},"type":"cond-expr","locations":[{"start":{"line":29,"column":25},"end":{"line":29,"column":33}},{"start":{"line":29,"column":33},"end":{"line":29,"column":null}}],"line":29}},"s":{"0":1,"1":8,"2":8,"3":2,"4":8,"5":2,"6":1,"7":1},"f":{"0":8,"1":2,"2":2},"b":{"0":[8],"1":[1,1],"2":[2,6]},"meta":{"lastBranch":3,"lastFunction":3,"lastStatement":8,"seen":{"s:11:27:44:Infinity":0,"f:11:27:11:28":0,"b:11:44:11:45":0,"s:13:27:13:Infinity":1,"s:15:22:17:Infinity":2,"f:15:22:15:Infinity":1,"s:16:8:16:Infinity":3,"s:19:28:22:Infinity":4,"f:19:28:19:Infinity":2,"b:20:8:20:Infinity:undefined:undefined:undefined:undefined":1,"s:20:8:20:Infinity":5,"s:20:24:20:Infinity":6,"s:21:8:21:Infinity":7,"b:29:25:29:33:29:33:29:Infinity":2}}}
}
